C:\USERS\ANDY\DOCUMENTS\VISUAL STUDIO 2012\PROJECTS\WAVEFRONT APP 1\WAVEFRONT APP 1\DEBUG\WAVEFRONT APP 1.PCH
C:\USERS\ANDY\DOCUMENTS\VISUAL STUDIO 2012\PROJECTS\WAVEFRONT APP 1\WAVEFRONT APP 1\DEBUG\STDAFX.OBJ
C:\USERS\ANDY\DOCUMENTS\VISUAL STUDIO 2012\PROJECTS\WAVEFRONT APP 1\WAVEFRONT APP 1\DEBUG\VC110.PDB
C:\USERS\ANDY\DOCUMENTS\VISUAL STUDIO 2012\PROJECTS\WAVEFRONT APP 1\WAVEFRONT APP 1\DEBUG\WAVEFRONT APP 1.OBJ
C:\USERS\ANDY\DOCUMENTS\VISUAL STUDIO 2012\PROJECTS\WAVEFRONT APP 1\WAVEFRONT APP 1\DEBUG\ASSEMBLYINFO.OBJ
C:\USERS\ANDY\DOCUMENTS\VISUAL STUDIO 2012\PROJECTS\WAVEFRONT APP 1\WAVEFRONT APP 1\DEBUG\.NETFRAMEWORK,VERSION=V4.5.ASSEMBLYATTRIBUTES.OBJ
C:\USERS\ANDY\DOCUMENTS\VISUAL STUDIO 2012\PROJECTS\WAVEFRONT APP 1\DEBUG\WAVEFRONT APP 1.ILK
C:\USERS\ANDY\DOCUMENTS\VISUAL STUDIO 2012\PROJECTS\WAVEFRONT APP 1\DEBUG\WAVEFRONT APP 1.EXE
C:\USERS\ANDY\DOCUMENTS\VISUAL STUDIO 2012\PROJECTS\WAVEFRONT APP 1\DEBUG\WAVEFRONT APP 1.PDB
C:\USERS\ANDY\DOCUMENTS\VISUAL STUDIO 2012\PROJECTS\WAVEFRONT APP 1\WAVEFRONT APP 1\DEBUG\APP.RES
C:\Users\Andy\Documents\Visual Studio 2012\Projects\wavefront app 1\wavefront app 1\Debug\wavefrontapp1.Form1.resources
C:\Users\Andy\Documents\Visual Studio 2012\Projects\wavefront app 1\wavefront app 1\Debug\wavefront app 1.vcxproj.GenerateResource.Cache
C:\Users\Andy\Documents\Visual Studio 2012\Projects\wavefront app 1\wavefront app 1\Debug\wavefront app 1.vcxprojResolveAssemblyReference.cache
C:\Users\Andy\Documents\Visual Studio 2012\Projects\wavefront app 1\wavefront app 1\Debug\.NETFramework,Version=v4.5.AssemblyAttributes.obj
C:\Users\Andy\Documents\Visual Studio 2012\Projects\wavefront app 1\wavefront app 1\Debug\AssemblyInfo.obj
C:\Users\Andy\Documents\Visual Studio 2012\Projects\wavefront app 1\wavefront app 1\Debug\stdafx.obj
C:\Users\Andy\Documents\Visual Studio 2012\Projects\wavefront app 1\wavefront app 1\Debug\wavefront app 1.obj
C:\Users\Andy\Documents\Visual Studio 2012\Projects\wavefront app 1\wavefront app 1\Debug\cl.command.1.tlog
C:\Users\Andy\Documents\Visual Studio 2012\Projects\wavefront app 1\wavefront app 1\Debug\CL.read.1.tlog
C:\Users\Andy\Documents\Visual Studio 2012\Projects\wavefront app 1\wavefront app 1\Debug\CL.write.1.tlog
C:\Users\Andy\Documents\Visual Studio 2012\Projects\wavefront app 1\wavefront app 1\Debug\link.10740-cvtres.read.1.tlog
C:\Users\Andy\Documents\Visual Studio 2012\Projects\wavefront app 1\wavefront app 1\Debug\link.10740-cvtres.write.1.tlog
C:\Users\Andy\Documents\Visual Studio 2012\Projects\wavefront app 1\wavefront app 1\Debug\link.10740-rc.read.1.tlog
C:\Users\Andy\Documents\Visual Studio 2012\Projects\wavefront app 1\wavefront app 1\Debug\link.10740-rc.write.1.tlog
C:\Users\Andy\Documents\Visual Studio 2012\Projects\wavefront app 1\wavefront app 1\Debug\link.10740.read.1.tlog
C:\Users\Andy\Documents\Visual Studio 2012\Projects\wavefront app 1\wavefront app 1\Debug\link.10740.write.1.tlog
C:\Users\Andy\Documents\Visual Studio 2012\Projects\wavefront app 1\wavefront app 1\Debug\link.11992-cvtres.read.1.tlog
C:\Users\Andy\Documents\Visual Studio 2012\Projects\wavefront app 1\wavefront app 1\Debug\link.11992-cvtres.write.1.tlog
C:\Users\Andy\Documents\Visual Studio 2012\Projects\wavefront app 1\wavefront app 1\Debug\link.11992-rc.read.1.tlog
C:\Users\Andy\Documents\Visual Studio 2012\Projects\wavefront app 1\wavefront app 1\Debug\link.11992-rc.write.1.tlog
C:\Users\Andy\Documents\Visual Studio 2012\Projects\wavefront app 1\wavefront app 1\Debug\link.11992.read.1.tlog
C:\Users\Andy\Documents\Visual Studio 2012\Projects\wavefront app 1\wavefront app 1\Debug\link.11992.write.1.tlog
C:\Users\Andy\Documents\Visual Studio 2012\Projects\wavefront app 1\wavefront app 1\Debug\link.2840-cvtres.read.1.tlog
C:\Users\Andy\Documents\Visual Studio 2012\Projects\wavefront app 1\wavefront app 1\Debug\link.2840-cvtres.write.1.tlog
C:\Users\Andy\Documents\Visual Studio 2012\Projects\wavefront app 1\wavefront app 1\Debug\link.2840-rc.read.1.tlog
C:\Users\Andy\Documents\Visual Studio 2012\Projects\wavefront app 1\wavefront app 1\Debug\link.2840-rc.write.1.tlog
C:\Users\Andy\Documents\Visual Studio 2012\Projects\wavefront app 1\wavefront app 1\Debug\link.2840.read.1.tlog
C:\Users\Andy\Documents\Visual Studio 2012\Projects\wavefront app 1\wavefront app 1\Debug\link.2840.write.1.tlog
C:\Users\Andy\Documents\Visual Studio 2012\Projects\wavefront app 1\wavefront app 1\Debug\link.3560-cvtres.read.1.tlog
C:\Users\Andy\Documents\Visual Studio 2012\Projects\wavefront app 1\wavefront app 1\Debug\link.3560-cvtres.write.1.tlog
C:\Users\Andy\Documents\Visual Studio 2012\Projects\wavefront app 1\wavefront app 1\Debug\link.3560-rc.read.1.tlog
C:\Users\Andy\Documents\Visual Studio 2012\Projects\wavefront app 1\wavefront app 1\Debug\link.3560-rc.write.1.tlog
C:\Users\Andy\Documents\Visual Studio 2012\Projects\wavefront app 1\wavefront app 1\Debug\link.3560.read.1.tlog
C:\Users\Andy\Documents\Visual Studio 2012\Projects\wavefront app 1\wavefront app 1\Debug\link.3560.write.1.tlog
C:\Users\Andy\Documents\Visual Studio 2012\Projects\wavefront app 1\wavefront app 1\Debug\link.4136-cvtres.read.1.tlog
C:\Users\Andy\Documents\Visual Studio 2012\Projects\wavefront app 1\wavefront app 1\Debug\link.4136-cvtres.write.1.tlog
C:\Users\Andy\Documents\Visual Studio 2012\Projects\wavefront app 1\wavefront app 1\Debug\link.4136-rc.read.1.tlog
C:\Users\Andy\Documents\Visual Studio 2012\Projects\wavefront app 1\wavefront app 1\Debug\link.4136-rc.write.1.tlog
C:\Users\Andy\Documents\Visual Studio 2012\Projects\wavefront app 1\wavefront app 1\Debug\link.4136.read.1.tlog
C:\Users\Andy\Documents\Visual Studio 2012\Projects\wavefront app 1\wavefront app 1\Debug\link.4136.write.1.tlog
C:\Users\Andy\Documents\Visual Studio 2012\Projects\wavefront app 1\wavefront app 1\Debug\link.7224-cvtres.read.1.tlog
C:\Users\Andy\Documents\Visual Studio 2012\Projects\wavefront app 1\wavefront app 1\Debug\link.7224-cvtres.write.1.tlog
C:\Users\Andy\Documents\Visual Studio 2012\Projects\wavefront app 1\wavefront app 1\Debug\link.7224-rc.read.1.tlog
C:\Users\Andy\Documents\Visual Studio 2012\Projects\wavefront app 1\wavefront app 1\Debug\link.7224-rc.write.1.tlog
C:\Users\Andy\Documents\Visual Studio 2012\Projects\wavefront app 1\wavefront app 1\Debug\link.7224.read.1.tlog
C:\Users\Andy\Documents\Visual Studio 2012\Projects\wavefront app 1\wavefront app 1\Debug\link.7224.write.1.tlog
C:\Users\Andy\Documents\Visual Studio 2012\Projects\wavefront app 1\wavefront app 1\Debug\link.8608-cvtres.read.1.tlog
C:\Users\Andy\Documents\Visual Studio 2012\Projects\wavefront app 1\wavefront app 1\Debug\link.8608-cvtres.write.1.tlog
C:\Users\Andy\Documents\Visual Studio 2012\Projects\wavefront app 1\wavefront app 1\Debug\link.8608-rc.read.1.tlog
C:\Users\Andy\Documents\Visual Studio 2012\Projects\wavefront app 1\wavefront app 1\Debug\link.8608-rc.write.1.tlog
C:\Users\Andy\Documents\Visual Studio 2012\Projects\wavefront app 1\wavefront app 1\Debug\link.8608.read.1.tlog
C:\Users\Andy\Documents\Visual Studio 2012\Projects\wavefront app 1\wavefront app 1\Debug\link.8608.write.1.tlog
C:\Users\Andy\Documents\Visual Studio 2012\Projects\wavefront app 1\wavefront app 1\Debug\link.9884-cvtres.read.1.tlog
C:\Users\Andy\Documents\Visual Studio 2012\Projects\wavefront app 1\wavefront app 1\Debug\link.9884-cvtres.write.1.tlog
C:\Users\Andy\Documents\Visual Studio 2012\Projects\wavefront app 1\wavefront app 1\Debug\link.9884-rc.read.1.tlog
C:\Users\Andy\Documents\Visual Studio 2012\Projects\wavefront app 1\wavefront app 1\Debug\link.9884-rc.write.1.tlog
C:\Users\Andy\Documents\Visual Studio 2012\Projects\wavefront app 1\wavefront app 1\Debug\link.9884.read.1.tlog
C:\Users\Andy\Documents\Visual Studio 2012\Projects\wavefront app 1\wavefront app 1\Debug\link.9884.write.1.tlog
C:\Users\Andy\Documents\Visual Studio 2012\Projects\wavefront app 1\wavefront app 1\Debug\link.command.1.tlog
C:\Users\Andy\Documents\Visual Studio 2012\Projects\wavefront app 1\wavefront app 1\Debug\link.read.1.tlog
C:\Users\Andy\Documents\Visual Studio 2012\Projects\wavefront app 1\wavefront app 1\Debug\link.write.1.tlog
C:\Users\Andy\Documents\Visual Studio 2012\Projects\wavefront app 1\wavefront app 1\Debug\metagen.read.1.tlog
C:\Users\Andy\Documents\Visual Studio 2012\Projects\wavefront app 1\wavefront app 1\Debug\metagen.write.1.tlog
C:\Users\Andy\Documents\Visual Studio 2012\Projects\wavefront app 1\wavefront app 1\Debug\rc.command.1.tlog
C:\Users\Andy\Documents\Visual Studio 2012\Projects\wavefront app 1\wavefront app 1\Debug\rc.read.1.tlog
C:\Users\Andy\Documents\Visual Studio 2012\Projects\wavefront app 1\wavefront app 1\Debug\rc.write.1.tlog
C:\Users\Andy\Documents\Visual Studio 2012\Projects\wavefront app 1\wavefront app 1\Debug\wavefront app 1.write.1.tlog
C:\Users\Andy\Documents\Visual Studio 2012\Projects\wavefront app 1\wavefront app 1\Debug\app.res
C:\Users\Andy\Documents\Visual Studio 2012\Projects\wavefront app 1\wavefront app 1\Debug\wavefront app 1.pch
C:\Users\Andy\Documents\Visual Studio 2012\Projects\wavefront app 1\wavefront app 1\Debug\vc110.pdb
C:\Users\Andy\Documents\Visual Studio 2012\Projects\wavefront app 1\wavefront app 1\Debug\TZRES.DLL.bi
C:\Users\Andy\Documents\Visual Studio 2012\Projects\wavefront app 1\Debug\wavefront app 1.pdb
C:\Users\Andy\Documents\Visual Studio 2012\Projects\wavefront app 1\Debug\wavefront app 1.exe
C:\Users\Andy\Documents\Visual Studio 2012\Projects\wavefront app 1\Debug\wavefront app 1.ilk
